[0930/165933.598:ERROR:process_memory_win.cc(73)] ReadMemory at 0x11f0000 of 64 bytes failed: Only part of a ReadProcessMemory or WriteProcessMemory request was completed. (0x12B)
[0930/165933.783:WARNING:pe_image_reader.cc(340)] could not read dos header from C:\Program Files (x86)\Google\Chrome\Application\chrome.exe
[0930/165933.783:ERROR:process_memory_win.cc(73)] ReadMemory at 0x77280000 of 64 bytes failed: Only part of a ReadProcessMemory or WriteProcessMemory request was completed. (0x12B)
[0930/165933.783:WARNING:pe_image_reader.cc(340)] could not read dos header from C:\Windows\SYSTEM32\ntdll.dll
[0930/165933.783:ERROR:process_memory_win.cc(73)] ReadMemory at 0x740e0000 of 64 bytes failed: Only part of a ReadProcessMemory or WriteProcessMemory request was completed. (0x12B)
[0930/165933.783:WARNING:pe_image_reader.cc(340)] could not read dos header from C:\Windows\System32\KERNEL32.DLL
[0930/165933.783:ERROR:process_memory_win.cc(73)] ReadMemory at 0x770a0000 of 64 bytes failed: Only part of a ReadProcessMemory or WriteProcessMemory request was completed. (0x12B)
[0930/165933.783:WARNING:pe_image_reader.cc(340)] could not read dos header from C:\Windows\System32\KERNELBASE.dll
[0930/165933.783:ERROR:process_memory_win.cc(73)] ReadMemory at 0x6d980000 of 64 bytes failed: Only part of a ReadProcessMemory or WriteProcessMemory request was completed. (0x12B)
[0930/165933.783:WARNING:pe_image_reader.cc(340)] could not read dos header from C:\Program Files (x86)\Google\Chrome\Application\85.0.4183.121\chrome_elf.dll
[0930/165933.783:ERROR:process_memory_win.cc(73)] ReadMemory at 0x736d0000 of 64 bytes failed: Only part of a ReadProcessMemory or WriteProcessMemory request was completed. (0x12B)
[0930/165933.784:WARNING:pe_image_reader.cc(340)] could not read dos header from C:\Windows\SYSTEM32\VERSION.dll
[0930/165933.784:ERROR:process_memory_win.cc(73)] ReadMemory at 0x74020000 of 64 bytes failed: Only part of a ReadProcessMemory or WriteProcessMemory request was completed. (0x12B)
[0930/165933.784:WARNING:pe_image_reader.cc(340)] could not read dos header from C:\Windows\System32\msvcrt.dll
[0930/165933.784:ERROR:process_memory_win.cc(73)] ReadMemory at 0x76370000 of 64 bytes failed: Only part of a ReadProcessMemory or WriteProcessMemory request was completed. (0x12B)
[0930/165933.784:WARNING:pe_image_reader.cc(340)] could not read dos header from C:\Windows\System32\bcryptPrimitives.dll
[0930/165933.784:ERROR:process_memory_win.cc(73)] ReadMemory at 0x745d0000 of 64 bytes failed: Only part of a ReadProcessMemory or WriteProcessMemory request was completed. (0x12B)
[0930/165933.784:WARNING:pe_image_reader.cc(340)] could not read dos header from C:\Windows\System32\ADVAPI32.dll
[0930/165933.784:ERROR:process_memory_win.cc(73)] ReadMemory at 0x74580000 of 64 bytes failed: Only part of a ReadProcessMemory or WriteProcessMemory request was completed. (0x12B)
[0930/165933.784:WARNING:pe_image_reader.cc(340)] could not read dos header from C:\Windows\System32\sechost.dll
[0930/165933.784:ERROR:process_memory_win.cc(73)] ReadMemory at 0x74470000 of 64 bytes failed: Only part of a ReadProcessMemory or WriteProcessMemory request was completed. (0x12B)
[0930/165933.784:WARNING:pe_image_reader.cc(340)] could not read dos header from C:\Windows\System32\RPCRT4.dll
[0930/165933.784:ERROR:process_memory_win.cc(73)] ReadMemory at 0x73ca0000 of 64 bytes failed: Only part of a ReadProcessMemory or WriteProcessMemory request was completed. (0x12B)
[0930/165933.784:WARNING:pe_image_reader.cc(340)] could not read dos header from C:\Windows\System32\SspiCli.dll
[0930/165933.784:ERROR:process_memory_win.cc(73)] ReadMemory at 0x73c90000 of 64 bytes failed: Only part of a ReadProcessMemory or WriteProcessMemory request was completed. (0x12B)
[0930/165933.784:WARNING:pe_image_reader.cc(340)] could not read dos header from C:\Windows\System32\CRYPTBASE.dll
[0930/165933.784:ERROR:process_memory_win.cc(73)] ReadMemory at 0x5c8b0000 of 64 bytes failed: Only part of a ReadProcessMemory or WriteProcessMemory request was completed. (0x12B)
[0930/165933.784:WARNING:pe_image_reader.cc(340)] could not read dos header from C:\Program Files (x86)\Google\Chrome\Application\85.0.4183.121\chrome.dll
[0930/165933.784:ERROR:process_memory_win.cc(73)] ReadMemory at 0x73f20000 of 64 bytes failed: Only part of a ReadProcessMemory or WriteProcessMemory request was completed. (0x12B)
[0930/165933.784:WARNING:pe_image_reader.cc(340)] could not read dos header from C:\Windows\System32\WS2_32.dll
[0930/165933.784:ERROR:process_memory_win.cc(73)] ReadMemory at 0x76fb0000 of 64 bytes failed: Only part of a ReadProcessMemory or WriteProcessMemory request was completed. (0x12B)
[0930/165933.784:WARNING:pe_image_reader.cc(340)] could not read dos header from C:\Windows\System32\OLEAUT32.dll
[0930/165933.784:ERROR:process_memory_win.cc(73)] ReadMemory at 0x73ea0000 of 64 bytes failed: Only part of a ReadProcessMemory or WriteProcessMemory request was completed. (0x12B)
[0930/165933.784:WARNING:pe_image_reader.cc(340)] could not read dos header from C:\Windows\System32\msvcp_win.dll
[0930/165933.784:ERROR:process_memory_win.cc(73)] ReadMemory at 0x76e90000 of 64 bytes failed: Only part of a ReadProcessMemory or WriteProcessMemory request was completed. (0x12B)
[0930/165933.784:WARNING:pe_image_reader.cc(340)] could not read dos header from C:\Windows\System32\ucrtbase.dll
[0930/165933.784:ERROR:process_memory_win.cc(73)] ReadMemory at 0x76a20000 of 64 bytes failed: Only part of a ReadProcessMemory or WriteProcessMemory request was completed. (0x12B)
[0930/165933.784:WARNING:pe_image_reader.cc(340)] could not read dos header from C:\Windows\System32\combase.dll
[0930/165933.784:ERROR:process_memory_win.cc(73)] ReadMemory at 0x763f0000 of 64 bytes failed: Only part of a ReadProcessMemory or WriteProcessMemory request was completed. (0x12B)
[0930/165933.784:WARNING:pe_image_reader.cc(340)] could not read dos header from C:\Windows\System32\WINTRUST.dll
[0930/165933.784:ERROR:process_memory_win.cc(73)] ReadMemory at 0x74fd0000 of 64 bytes failed: Only part of a ReadProcessMemory or WriteProcessMemory request was completed. (0x12B)
[0930/165933.784:WARNING:pe_image_reader.cc(340)] could not read dos header from C:\Windows\System32\MSASN1.dll
[0930/165933.784:ERROR:process_memory_win.cc(73)] ReadMemory at 0x73cc0000 of 64 bytes failed: Only part of a ReadProcessMemory or WriteProcessMemory request was completed. (0x12B)
[0930/165933.784:WARNING:pe_image_reader.cc(340)] could not read dos header from C:\Windows\System32\CRYPT32.dll
[0930/165933.784:ERROR:process_memory_win.cc(73)] ReadMemory at 0x73900000 of 64 bytes failed: Only part of a ReadProcessMemory or WriteProcessMemory request was completed. (0x12B)
[0930/165933.784:WARNING:pe_image_reader.cc(340)] could not read dos header from C:\Windows\SYSTEM32\IPHLPAPI.DLL
[0930/165933.784:ERROR:process_memory_win.cc(73)] ReadMemory at 0x72cc0000 of 64 bytes failed: Only part of a ReadProcessMemory or WriteProcessMemory request was completed. (0x12B)
[0930/165933.784:WARNING:pe_image_reader.cc(340)] could not read dos header from C:\Windows\SYSTEM32\WINMM.dll
[0930/165933.784:ERROR:process_memory_win.cc(73)] ReadMemory at 0x6bcf0000 of 64 bytes failed: Only part of a ReadProcessMemory or WriteProcessMemory request was completed. (0x12B)
[0930/165933.784:WARNING:pe_image_reader.cc(340)] could not read dos header from C:\Windows\SYSTEM32\UIAutomationCore.DLL
[0930/165933.784:ERROR:process_memory_win.cc(73)] ReadMemory at 0x6ea60000 of 64 bytes failed: Only part of a ReadProcessMemory or WriteProcessMemory request was completed. (0x12B)
[0930/165933.784:WARNING:pe_image_reader.cc(340)] could not read dos header from C:\Windows\SYSTEM32\Secur32.dll
[0930/165933.784:ERROR:process_memory_win.cc(73)] ReadMemory at 0x73660000 of 64 bytes failed: Only part of a ReadProcessMemory or WriteProcessMemory request was completed. (0x12B)
[0930/165933.784:WARNING:pe_image_reader.cc(340)] could not read dos header from C:\Windows\SYSTEM32\USERENV.dll
[0930/165933.784:ERROR:process_memory_win.cc(73)] ReadMemory at 0x77050000 of 64 bytes failed: Only part of a ReadProcessMemory or WriteProcessMemory request was completed. (0x12B)
[0930/165933.784:WARNING:pe_image_reader.cc(340)] could not read dos header from C:\Windows\System32\profapi.dll
[0930/165933.784:ERROR:process_memory_win.cc(73)] ReadMemory at 0x6be90000 of 64 bytes failed: Only part of a ReadProcessMemory or WriteProcessMemory request was completed. (0x12B)
[0930/165933.784:WARNING:pe_image_reader.cc(340)] could not read dos header from C:\Windows\SYSTEM32\DWrite.dll
[0930/165933.784:ERROR:process_memory_win.cc(73)] ReadMemory at 0x729e0000 of 64 bytes failed: Only part of a ReadProcessMemory or WriteProcessMemory request was completed. (0x12B)
[0930/165933.784:WARNING:pe_image_reader.cc(340)] could not read dos header from C:\Windows\SYSTEM32\WINSPOOL.DRV
[0930/165933.784:ERROR:process_memory_win.cc(73)] ReadMemory at 0x6b3b0000 of 64 bytes failed: Only part of a ReadProcessMemory or WriteProcessMemory request was completed. (0x12B)
[0930/165933.784:WARNING:pe_image_reader.cc(340)] could not read dos header from C:\Windows\SYSTEM32\dbghelp.dll
[0930/165933.785:ERROR:process_memory_win.cc(73)] ReadMemory at 0x72a50000 of 64 bytes failed: Only part of a ReadProcessMemory or WriteProcessMemory request was completed. (0x12B)
[0930/165933.785:WARNING:pe_image_reader.cc(340)] could not read dos header from C:\Windows\SYSTEM32\WINHTTP.dll
[0930/165933.785:ERROR:process_memory_win.cc(73)] ReadMemory at 0x72990000 of 64 bytes failed: Only part of a ReadProcessMemory or WriteProcessMemory request was completed. (0x12B)
[0930/165933.785:WARNING:pe_image_reader.cc(340)] could not read dos header from C:\Windows\SYSTEM32\dhcpcsvc.DLL
[0930/165933.785:ERROR:process_memory_win.cc(73)] ReadMemory at 0x74b80000 of 64 bytes failed: Only part of a ReadProcessMemory or WriteProcessMemory request was completed. (0x12B)
[0930/165933.785:WARNING:pe_image_reader.cc(340)] could not read dos header from C:\Windows\System32\NSI.dll
[0930/165933.785:ERROR:process_memory_win.cc(73)] ReadMemory at 0x72c90000 of 64 bytes failed: Only part of a ReadProcessMemory or WriteProcessMemory request was completed. (0x12B)
[0930/165933.785:WARNING:pe_image_reader.cc(340)] could not read dos header from C:\Windows\SYSTEM32\WINMMBASE.dll
[0930/165933.785:ERROR:process_memory_win.cc(73)] ReadMemory at 0x73e50000 of 64 bytes failed: Only part of a ReadProcessMemory or WriteProcessMemory request was completed. (0x12B)
[0930/165933.785:WARNING:pe_image_reader.cc(340)] could not read dos header from C:\Windows\System32\cfgmgr32.dll
[0930/165933.785:ERROR:process_memory_win.cc(73)] ReadMemory at 0x73c70000 of 64 bytes failed: Only part of a ReadProcessMemory or WriteProcessMemory request was completed. (0x12B)
[0930/165933.785:WARNING:pe_image_reader.cc(340)] could not read dos header from C:\Windows\SYSTEM32\bcrypt.dll
[0930/165934.139:ERROR:process_memory_win.cc(73)] ReadMemory at 0x5b2000 of 57344 bytes failed: Only part of a ReadProcessMemory or WriteProcessMemory request was completed. (0x12B)
[0930/165934.139:ERROR:process_memory_win.cc(73)] ReadMemory at 0x113e000 of 8192 bytes failed: Only part of a ReadProcessMemory or WriteProcessMemory request was completed. (0x12B)
[0930/165934.139:ERROR:process_memory_win.cc(73)] ReadMemory at 0x85de000 of 8192 bytes failed: Only part of a ReadProcessMemory or WriteProcessMemory request was completed. (0x12B)
[0930/165934.139:ERROR:process_memory_win.cc(73)] ReadMemory at 0x871d000 of 12288 bytes failed: Only part of a ReadProcessMemory or WriteProcessMemory request was completed. (0x12B)
[0930/165934.140:ERROR:process_memory_win.cc(73)] ReadMemory at 0x88df000 of 4096 bytes failed: Only part of a ReadProcessMemory or WriteProcessMemory request was completed. (0x12B)
[0930/165934.140:ERROR:process_memory_win.cc(73)] ReadMemory at 0x8a1e000 of 8192 bytes failed: Only part of a ReadProcessMemory or WriteProcessMemory request was completed. (0x12B)
[0930/165934.140:ERROR:process_memory_win.cc(73)] ReadMemory at 0x8c5d000 of 12288 bytes failed: Only part of a ReadProcessMemory or WriteProcessMemory request was completed. (0x12B)
[0930/165934.140:ERROR:process_memory_win.cc(73)] ReadMemory at 0x8ede000 of 8192 bytes failed: Only part of a ReadProcessMemory or WriteProcessMemory request was completed. (0x12B)
[0930/165934.140:ERROR:process_memory_win.cc(73)] ReadMemory at 0x901d000 of 12288 bytes failed: Only part of a ReadProcessMemory or WriteProcessMemory request was completed. (0x12B)
[0930/165934.140:ERROR:process_memory_win.cc(73)] ReadMemory at 0x915d000 of 12288 bytes failed: Only part of a ReadProcessMemory or WriteProcessMemory request was completed. (0x12B)
[0930/165934.140:ERROR:process_memory_win.cc(73)] ReadMemory at 0x949d000 of 12288 bytes failed: Only part of a ReadProcessMemory or WriteProcessMemory request was completed. (0x12B)
[0930/165934.140:ERROR:process_memory_win.cc(73)] ReadMemory at 0xc65e000 of 8192 bytes failed: Only part of a ReadProcessMemory or WriteProcessMemory request was completed. (0x12B)
[0930/165934.140:ERROR:process_memory_win.cc(73)] ReadMemory at 0xc97b000 of 20480 bytes failed: Only part of a ReadProcessMemory or WriteProcessMemory request was completed. (0x12B)
[0930/165934.140:ERROR:process_memory_win.cc(73)] ReadMemory at 0xc87e000 of 8192 bytes failed: Only part of a ReadProcessMemory or WriteProcessMemory request was completed. (0x12B)
[0930/165934.140:ERROR:process_memory_win.cc(73)] ReadMemory at 0x13b3b000 of 20480 bytes failed: Only part of a ReadProcessMemory or WriteProcessMemory request was completed. (0x12B)
[0930/165934.140:ERROR:process_memory_win.cc(73)] ReadMemory at 0x9293f000 of 4096 bytes failed: Only part of a ReadProcessMemory or WriteProcessMemory request was completed. (0x12B)
[0930/165934.140:ERROR:process_memory_win.cc(73)] ReadMemory at 0x205000 of 3992 bytes failed: Only part of a ReadProcessMemory or WriteProcessMemory request was completed. (0x12B)
[0930/165934.140:ERROR:process_memory_win.cc(73)] ReadMemory at 0x208000 of 3992 bytes failed: Only part of a ReadProcessMemory or WriteProcessMemory request was completed. (0x12B)
[0930/165934.140:ERROR:process_memory_win.cc(73)] ReadMemory at 0x20b000 of 3992 bytes failed: Only part of a ReadProcessMemory or WriteProcessMemory request was completed. (0x12B)
[0930/165934.140:ERROR:process_memory_win.cc(73)] ReadMemory at 0x354000 of 560 bytes failed: Only part of a ReadProcessMemory or WriteProcessMemory request was completed. (0x12B)
[0930/165934.140:ERROR:process_memory_win.cc(73)] ReadMemory at 0x357000 of 3992 bytes failed: Only part of a ReadProcessMemory or WriteProcessMemory request was completed. (0x12B)
[0930/165934.140:ERROR:process_memory_win.cc(73)] ReadMemory at 0x35a000 of 3992 bytes failed: Only part of a ReadProcessMemory or WriteProcessMemory request was completed. (0x12B)
[0930/165934.140:ERROR:process_memory_win.cc(73)] ReadMemory at 0x360000 of 3992 bytes failed: Only part of a ReadProcessMemory or WriteProcessMemory request was completed. (0x12B)
[0930/165934.140:ERROR:process_memory_win.cc(73)] ReadMemory at 0x363000 of 3992 bytes failed: Only part of a ReadProcessMemory or WriteProcessMemory request was completed. (0x12B)
[0930/165934.141:ERROR:process_memory_win.cc(73)] ReadMemory at 0x366000 of 3992 bytes failed: Only part of a ReadProcessMemory or WriteProcessMemory request was completed. (0x12B)
[0930/165934.141:ERROR:process_memory_win.cc(73)] ReadMemory at 0x369000 of 3992 bytes failed: Only part of a ReadProcessMemory or WriteProcessMemory request was completed. (0x12B)
[0930/165934.141:ERROR:process_memory_win.cc(73)] ReadMemory at 0x36c000 of 3992 bytes failed: Only part of a ReadProcessMemory or WriteProcessMemory request was completed. (0x12B)
[0930/165934.141:ERROR:process_memory_win.cc(73)] ReadMemory at 0x372000 of 3992 bytes failed: Only part of a ReadProcessMemory or WriteProcessMemory request was completed. (0x12B)
[0930/165934.141:ERROR:process_memory_win.cc(73)] ReadMemory at 0x375000 of 3992 bytes failed: Only part of a ReadProcessMemory or WriteProcessMemory request was completed. (0x12B)
[0930/165934.228:ERROR:process_memory_win.cc(73)] ReadMemory at 0x378000 of 3992 bytes failed: Only part of a ReadProcessMemory or WriteProcessMemory request was completed. (0x12B)
[0930/165934.228:ERROR:process_memory_win.cc(73)] ReadMemory at 0x37b000 of 3992 bytes failed: Only part of a ReadProcessMemory or WriteProcessMemory request was completed. (0x12B)
[0930/165934.228:ERROR:process_memory_win.cc(73)] ReadMemory at 0x384000 of 3992 bytes failed: Only part of a ReadProcessMemory or WriteProcessMemory request was completed. (0x12B)
[0930/165934.228:ERROR:process_memory_win.cc(73)] ReadMemory at 0x3fc000 of 3992 bytes failed: Only part of a ReadProcessMemory or WriteProcessMemory request was completed. (0x12B)
[0930/165934.229:ERROR:process_memory_win.cc(73)] ReadMemory at 0x840ae0 of 11986 bytes failed: Only part of a ReadProcessMemory or WriteProcessMemory request was completed. (0x12B)
[0930/165934.229:ERROR:process_memory_win.cc(73)] ReadMemory at 0x8439c0 of 660 bytes failed: Only part of a ReadProcessMemory or WriteProcessMemory request was completed. (0x12B)
[0930/165934.229:ERROR:process_memory_win.cc(73)] ReadMemory at 0x843e6c of 118 bytes failed: Only part of a ReadProcessMemory or WriteProcessMemory request was completed. (0x12B)
[0930/165934.229:ERROR:process_memory_win.cc(73)] ReadMemory at 0x843ee4 of 754 bytes failed: Only part of a ReadProcessMemory or WriteProcessMemory request was completed. (0x12B)
[0930/165934.229:ERROR:process_memory_win.cc(73)] ReadMemory at 0x8441d8 of 118 bytes failed: Only part of a ReadProcessMemory or WriteProcessMemory request was completed. (0x12B)
[0930/165934.229:ERROR:process_memory_win.cc(73)] ReadMemory at 0x844250 of 98 bytes failed: Only part of a ReadProcessMemory or WriteProcessMemory request was completed. (0x12B)
[0930/165934.229:ERROR:process_memory_win.cc(73)] ReadMemory at 0x847190 of 58 bytes failed: Only part of a ReadProcessMemory or WriteProcessMemory request was completed. (0x12B)
[0930/165934.230:ERROR:process_memory_win.cc(73)] ReadMemory at 0x847280 of 72 bytes failed: Only part of a ReadProcessMemory or WriteProcessMemory request was completed. (0x12B)
[0930/165934.230:ERROR:process_memory_win.cc(73)] ReadMemory at 0x847368 of 72 bytes failed: Only part of a ReadProcessMemory or WriteProcessMemory request was completed. (0x12B)
[0930/165934.230:ERROR:process_memory_win.cc(73)] ReadMemory at 0x847468 of 126 bytes failed: Only part of a ReadProcessMemory or WriteProcessMemory request was completed. (0x12B)
[0930/165934.230:ERROR:process_memory_win.cc(73)] ReadMemory at 0x847798 of 72 bytes failed: Only part of a ReadProcessMemory or WriteProcessMemory request was completed. (0x12B)
[0930/165934.230:ERROR:process_memory_win.cc(73)] ReadMemory at 0x847880 of 64 bytes failed: Only part of a ReadProcessMemory or WriteProcessMemory request was completed. (0x12B)
[0930/165934.230:ERROR:process_memory_win.cc(73)] ReadMemory at 0x847968 of 72 bytes failed: Only part of a ReadProcessMemory or WriteProcessMemory request was completed. (0x12B)
[0930/165934.230:ERROR:process_memory_win.cc(73)] ReadMemory at 0x847ae8 of 72 bytes failed: Only part of a ReadProcessMemory or WriteProcessMemory request was completed. (0x12B)
[0930/165934.230:ERROR:process_memory_win.cc(73)] ReadMemory at 0x847bd0 of 68 bytes failed: Only part of a ReadProcessMemory or WriteProcessMemory request was completed. (0x12B)
[0930/165934.231:ERROR:process_memory_win.cc(73)] ReadMemory at 0x848530 of 72 bytes failed: Only part of a ReadProcessMemory or WriteProcessMemory request was completed. (0x12B)
[0930/165934.231:ERROR:process_memory_win.cc(73)] ReadMemory at 0x848618 of 154 bytes failed: Only part of a ReadProcessMemory or WriteProcessMemory request was completed. (0x12B)
[0930/165934.231:ERROR:process_memory_win.cc(73)] ReadMemory at 0x84a718 of 62 bytes failed: Only part of a ReadProcessMemory or WriteProcessMemory request was completed. (0x12B)
[0930/165934.231:ERROR:process_memory_win.cc(73)] ReadMemory at 0x84a7f0 of 72 bytes failed: Only part of a ReadProcessMemory or WriteProcessMemory request was completed. (0x12B)
[0930/165934.231:ERROR:process_memory_win.cc(73)] ReadMemory at 0x84a8a0 of 60 bytes failed: Only part of a ReadProcessMemory or WriteProcessMemory request was completed. (0x12B)
[0930/165934.231:ERROR:process_memory_win.cc(73)] ReadMemory at 0x853198 of 58 bytes failed: Only part of a ReadProcessMemory or WriteProcessMemory request was completed. (0x12B)
[0930/165934.231:ERROR:process_memory_win.cc(73)] ReadMemory at 0x853228 of 62 bytes failed: Only part of a ReadProcessMemory or WriteProcessMemory request was completed. (0x12B)
[0930/165934.231:ERROR:process_memory_win.cc(73)] ReadMemory at 0x853270 of 62 bytes failed: Only part of a ReadProcessMemory or WriteProcessMemory request was completed. (0x12B)
[0930/165934.232:ERROR:process_memory_win.cc(73)] ReadMemory at 0x8532b8 of 62 bytes failed: Only part of a ReadProcessMemory or WriteProcessMemory request was completed. (0x12B)
[0930/165934.232:ERROR:process_memory_win.cc(73)] ReadMemory at 0x853300 of 60 bytes failed: Only part of a ReadProcessMemory or WriteProcessMemory request was completed. (0x12B)
[0930/165934.232:ERROR:process_memory_win.cc(73)] ReadMemory at 0x853420 of 62 bytes failed: Only part of a ReadProcessMemory or WriteProcessMemory request was completed. (0x12B)
[0930/165934.251:ERROR:process_memory_win.cc(73)] ReadMemory at 0x853468 of 60 bytes failed: Only part of a ReadProcessMemory or WriteProcessMemory request was completed. (0x12B)
[0930/165934.251:ERROR:process_memory_win.cc(73)] ReadMemory at 0x8534b0 of 62 bytes failed: Only part of a ReadProcessMemory or WriteProcessMemory request was completed. (0x12B)
[0930/165934.251:ERROR:process_memory_win.cc(73)] ReadMemory at 0x8534f8 of 60 bytes failed: Only part of a ReadProcessMemory or WriteProcessMemory request was completed. (0x12B)
[0930/165934.251:ERROR:process_memory_win.cc(73)] ReadMemory at 0x853618 of 62 bytes failed: Only part of a ReadProcessMemory or WriteProcessMemory request was completed. (0x12B)
[0930/165934.251:ERROR:process_memory_win.cc(73)] ReadMemory at 0x853660 of 62 bytes failed: Only part of a ReadProcessMemory or WriteProcessMemory request was completed. (0x12B)
[0930/165934.251:ERROR:process_memory_win.cc(73)] ReadMemory at 0x853738 of 60 bytes failed: Only part of a ReadProcessMemory or WriteProcessMemory request was completed. (0x12B)
[0930/165934.251:ERROR:process_memory_win.cc(73)] ReadMemory at 0x853780 of 62 bytes failed: Only part of a ReadProcessMemory or WriteProcessMemory request was completed. (0x12B)
[0930/165934.251:ERROR:process_memory_win.cc(73)] ReadMemory at 0x8537c8 of 60 bytes failed: Only part of a ReadProcessMemory or WriteProcessMemory request was completed. (0x12B)
[0930/165934.251:ERROR:process_memory_win.cc(73)] ReadMemory at 0x853810 of 62 bytes failed: Only part of a ReadProcessMemory or WriteProcessMemory request was completed. (0x12B)
[0930/165934.251:ERROR:process_memory_win.cc(73)] ReadMemory at 0x858590 of 72 bytes failed: Only part of a ReadProcessMemory or WriteProcessMemory request was completed. (0x12B)
[0930/165934.251:ERROR:process_memory_win.cc(73)] ReadMemory at 0x8586d0 of 72 bytes failed: Only part of a ReadProcessMemory or WriteProcessMemory request was completed. (0x12B)
[0930/165934.251:ERROR:process_memory_win.cc(73)] ReadMemory at 0x858d48 of 72 bytes failed: Only part of a ReadProcessMemory or WriteProcessMemory request was completed. (0x12B)
[0930/165934.251:ERROR:process_memory_win.cc(73)] ReadMemory at 0x858df8 of 80 bytes failed: Only part of a ReadProcessMemory or WriteProcessMemory request was completed. (0x12B)
[0930/165934.251:ERROR:process_memory_win.cc(73)] ReadMemory at 0x858f00 of 72 bytes failed: Only part of a ReadProcessMemory or WriteProcessMemory request was completed. (0x12B)
[0930/165934.253:ERROR:process_memory_win.cc(73)] ReadMemory at 0x859118 of 72 bytes failed: Only part of a ReadProcessMemory or WriteProcessMemory request was completed. (0x12B)
[0930/165934.253:ERROR:process_memory_win.cc(73)] ReadMemory at 0x8593c0 of 146 bytes failed: Only part of a ReadProcessMemory or WriteProcessMemory request was completed. (0x12B)
[0930/165934.253:ERROR:process_memory_win.cc(73)] ReadMemory at 0x85bcf8 of 54 bytes failed: Only part of a ReadProcessMemory or WriteProcessMemory request was completed. (0x12B)
[0930/165934.253:ERROR:process_memory_win.cc(73)] ReadMemory at 0x85cd48 of 72 bytes failed: Only part of a ReadProcessMemory or WriteProcessMemory request was completed. (0x12B)
[0930/165934.253:ERROR:process_memory_win.cc(73)] ReadMemory at 0x85cdf8 of 72 bytes failed: Only part of a ReadProcessMemory or WriteProcessMemory request was completed. (0x12B)
[0930/165934.253:ERROR:process_memory_win.cc(73)] ReadMemory at 0x85cee0 of 72 bytes failed: Only part of a ReadProcessMemory or WriteProcessMemory request was completed. (0x12B)
[0930/165934.253:ERROR:process_memory_win.cc(73)] ReadMemory at 0x85cf90 of 72 bytes failed: Only part of a ReadProcessMemory or WriteProcessMemory request was completed. (0x12B)
[0930/165934.253:ERROR:process_memory_win.cc(73)] ReadMemory at 0x85d040 of 72 bytes failed: Only part of a ReadProcessMemory or WriteProcessMemory request was completed. (0x12B)
[0930/165934.254:ERROR:process_memory_win.cc(73)] ReadMemory at 0x85d0f0 of 72 bytes failed: Only part of a ReadProcessMemory or WriteProcessMemory request was completed. (0x12B)
[0930/165934.254:ERROR:process_memory_win.cc(73)] ReadMemory at 0x85d1a0 of 72 bytes failed: Only part of a ReadProcessMemory or WriteProcessMemory request was completed. (0x12B)
[0930/165934.254:ERROR:process_memory_win.cc(73)] ReadMemory at 0x85d250 of 72 bytes failed: Only part of a ReadProcessMemory or WriteProcessMemory request was completed. (0x12B)
[0930/165934.254:ERROR:process_memory_win.cc(73)] ReadMemory at 0x85d300 of 72 bytes failed: Only part of a ReadProcessMemory or WriteProcessMemory request was completed. (0x12B)
[0930/165934.254:ERROR:process_memory_win.cc(73)] ReadMemory at 0x85d3b0 of 72 bytes failed: Only part of a ReadProcessMemory or WriteProcessMemory request was completed. (0x12B)
[0930/165934.254:ERROR:process_memory_win.cc(73)] ReadMemory at 0x85d510 of 72 bytes failed: Only part of a ReadProcessMemory or WriteProcessMemory request was completed. (0x12B)
[0930/165934.254:ERROR:process_memory_win.cc(73)] ReadMemory at 0x85d670 of 72 bytes failed: Only part of a ReadProcessMemory or WriteProcessMemory request was completed. (0x12B)
[0930/165934.255:ERROR:process_memory_win.cc(73)] ReadMemory at 0x85d720 of 72 bytes failed: Only part of a ReadProcessMemory or WriteProcessMemory request was completed. (0x12B)
[0930/165934.255:ERROR:process_memory_win.cc(73)] ReadMemory at 0x85d880 of 72 bytes failed: Only part of a ReadProcessMemory or WriteProcessMemory request was completed. (0x12B)
[0930/165934.255:ERROR:process_memory_win.cc(73)] ReadMemory at 0x85d930 of 72 bytes failed: Only part of a ReadProcessMemory or WriteProcessMemory request was completed. (0x12B)
[0930/165934.255:ERROR:process_memory_win.cc(73)] ReadMemory at 0x85d9e0 of 72 bytes failed: Only part of a ReadProcessMemory or WriteProcessMemory request was completed. (0x12B)
[0930/165934.255:ERROR:process_memory_win.cc(73)] ReadMemory at 0x85da90 of 72 bytes failed: Only part of a ReadProcessMemory or WriteProcessMemory request was completed. (0x12B)
[0930/165934.255:ERROR:process_memory_win.cc(73)] ReadMemory at 0x85db40 of 72 bytes failed: Only part of a ReadProcessMemory or WriteProcessMemory request was completed. (0x12B)
[0930/165934.255:ERROR:process_memory_win.cc(73)] ReadMemory at 0x85dbf0 of 72 bytes failed: Only part of a ReadProcessMemory or WriteProcessMemory request was completed. (0x12B)
[0930/165934.255:ERROR:process_memory_win.cc(73)] ReadMemory at 0x85dca0 of 72 bytes failed: Only part of a ReadProcessMemory or WriteProcessMemory request was completed. (0x12B)
[0930/165934.256:ERROR:process_memory_win.cc(73)] ReadMemory at 0x85dd50 of 72 bytes failed: Only part of a ReadProcessMemory or WriteProcessMemory request was completed. (0x12B)
[0930/165934.256:ERROR:process_memory_win.cc(73)] ReadMemory at 0x85de00 of 72 bytes failed: Only part of a ReadProcessMemory or WriteProcessMemory request was completed. (0x12B)
[0930/165934.256:ERROR:process_memory_win.cc(73)] ReadMemory at 0x85f088 of 64 bytes failed: Only part of a ReadProcessMemory or WriteProcessMemory request was completed. (0x12B)
[0930/165934.256:ERROR:process_memory_win.cc(73)] ReadMemory at 0x85f0d8 of 64 bytes failed: Only part of a ReadProcessMemory or WriteProcessMemory request was completed. (0x12B)
[0930/165934.256:ERROR:process_memory_win.cc(73)] ReadMemory at 0x85f128 of 64 bytes failed: Only part of a ReadProcessMemory or WriteProcessMemory request was completed. (0x12B)
[0930/165934.256:ERROR:process_memory_win.cc(73)] ReadMemory at 0x85f1c8 of 64 bytes failed: Only part of a ReadProcessMemory or WriteProcessMemory request was completed. (0x12B)
[0930/165934.256:ERROR:process_memory_win.cc(73)] ReadMemory at 0x85f218 of 64 bytes failed: Only part of a ReadProcessMemory or WriteProcessMemory request was completed. (0x12B)
[0930/165934.256:ERROR:process_memory_win.cc(73)] ReadMemory at 0x85f268 of 64 bytes failed: Only part of a ReadProcessMemory or WriteProcessMemory request was completed. (0x12B)
[0930/165934.256:ERROR:process_memory_win.cc(73)] ReadMemory at 0x85f2b8 of 64 bytes failed: Only part of a ReadProcessMemory or WriteProcessMemory request was completed. (0x12B)
[0930/165934.257:ERROR:process_memory_win.cc(73)] ReadMemory at 0x85f358 of 66 bytes failed: Only part of a ReadProcessMemory or WriteProcessMemory request was completed. (0x12B)
[0930/165934.257:ERROR:process_memory_win.cc(73)] ReadMemory at 0x85f3a8 of 66 bytes failed: Only part of a ReadProcessMemory or WriteProcessMemory request was completed. (0x12B)
[0930/165934.257:ERROR:process_memory_win.cc(73)] ReadMemory at 0x85f4e8 of 66 bytes failed: Only part of a ReadProcessMemory or WriteProcessMemory request was completed. (0x12B)
[0930/165934.257:ERROR:process_memory_win.cc(73)] ReadMemory at 0x85f768 of 64 bytes failed: Only part of a ReadProcessMemory or WriteProcessMemory request was completed. (0x12B)
[0930/165934.257:ERROR:process_memory_win.cc(73)] ReadMemory at 0x85f8a8 of 72 bytes failed: Only part of a ReadProcessMemory or WriteProcessMemory request was completed. (0x12B)
[0930/165934.257:ERROR:process_memory_win.cc(73)] ReadMemory at 0x85f9e8 of 72 bytes failed: Only part of a ReadProcessMemory or WriteProcessMemory request was completed. (0x12B)
[0930/165934.257:ERROR:process_memory_win.cc(73)] ReadMemory at 0x865dd8 of 80 bytes failed: Only part of a ReadProcessMemory or WriteProcessMemory request was completed. (0x12B)
[0930/165934.257:ERROR:process_memory_win.cc(73)] ReadMemory at 0x8678c0 of 72 bytes failed: Only part of a ReadProcessMemory or WriteProcessMemory request was completed. (0x12B)
[0930/165934.258:ERROR:process_memory_win.cc(73)] ReadMemory at 0x86f108 of 512 bytes failed: Only part of a ReadProcessMemory or WriteProcessMemory request was completed. (0x12B)
[0930/165934.258:ERROR:process_memory_win.cc(73)] ReadMemory at 0x8a5ce8 of 512 bytes failed: Only part of a ReadProcessMemory or WriteProcessMemory request was completed. (0x12B)
[0930/165934.258:ERROR:process_memory_win.cc(73)] ReadMemory at 0x8c31d8 of 512 bytes failed: Only part of a ReadProcessMemory or WriteProcessMemory request was completed. (0x12B)
[0930/165934.258:ERROR:process_memory_win.cc(73)] ReadMemory at 0x8c8108 of 512 bytes failed: Only part of a ReadProcessMemory or WriteProcessMemory request was completed. (0x12B)
[0930/165934.258:ERROR:process_memory_win.cc(73)] ReadMemory at 0x8d2ac0 of 512 bytes failed: Only part of a ReadProcessMemory or WriteProcessMemory request was completed. (0x12B)
[0930/165934.258:ERROR:process_memory_win.cc(73)] ReadMemory at 0x8f3b4a of 818 bytes failed: Only part of a ReadProcessMemory or WriteProcessMemory request was completed. (0x12B)
[0930/165934.258:ERROR:process_memory_win.cc(73)] ReadMemory at 0x8f4248 of 512 bytes failed: Only part of a ReadProcessMemory or WriteProcessMemory request was completed. (0x12B)
[0930/165934.258:ERROR:process_memory_win.cc(73)] ReadMemory at 0x35012909 of 512 bytes failed: Only part of a ReadProcessMemory or WriteProcessMemory request was completed. (0x12B)
[0930/165934.259:ERROR:process_memory_win.cc(73)] ReadMemory at 0x43f40000 of 384 bytes failed: Only part of a ReadProcessMemory or WriteProcessMemory request was completed. (0x12B)
[0930/165934.259:ERROR:process_memory_win.cc(73)] ReadMemory at 0x43f792ad of 512 bytes failed: Only part of a ReadProcessMemory or WriteProcessMemory request was completed. (0x12B)
[0930/165934.259:ERROR:process_memory_win.cc(73)] ReadMemory at 0x43f7d399 of 512 bytes failed: Only part of a ReadProcessMemory or WriteProcessMemory request was completed. (0x12B)
[0930/165934.259:ERROR:process_memory_win.cc(73)] ReadMemory at 0x44f57991 of 512 bytes failed: Only part of a ReadProcessMemory or WriteProcessMemory request was completed. (0x12B)
[0930/165934.260:ERROR:process_memory_win.cc(73)] ReadMemory at 0x544c0061 of 512 bytes failed: Only part of a ReadProcessMemory or WriteProcessMemory request was completed. (0x12B)
[0930/165934.260:ERROR:process_memory_win.cc(73)] ReadMemory at 0x6d9ae1c0 of 512 bytes failed: Only part of a ReadProcessMemory or WriteProcessMemory request was completed. (0x12B)
[0930/165934.260:ERROR:process_memory_win.cc(73)] ReadMemory at 0x6d9ae7c0 of 512 bytes failed: Only part of a ReadProcessMemory or WriteProcessMemory request was completed. (0x12B)
[0930/165934.260:ERROR:process_memory_win.cc(73)] ReadMemory at 0x77289af4 of 18 bytes failed: Only part of a ReadProcessMemory or WriteProcessMemory request was completed. (0x12B)
[0930/165934.260:ERROR:process_memory_win.cc(73)] ReadMemory at 0x772ee70c of 592 bytes failed: Only part of a ReadProcessMemory or WriteProcessMemory request was completed. (0x12B)
[0930/165934.261:ERROR:process_memory_win.cc(73)] ReadMemory at 0x772f034c of 560 bytes failed: Only part of a ReadProcessMemory or WriteProcessMemory request was completed. (0x12B)
[0930/165934.261:ERROR:process_memory_win.cc(73)] ReadMemory at 0x77395418 of 24 bytes failed: Only part of a ReadProcessMemory or WriteProcessMemory request was completed. (0x12B)
[0930/165934.261:ERROR:process_memory_win.cc(73)] ReadMemory at 0x7739573c of 32 bytes failed: Only part of a ReadProcessMemory or WriteProcessMemory request was completed. (0x12B)
[0930/165934.261:ERROR:process_memory_win.cc(73)] ReadMemory at 0x77397be0 of 36 bytes failed: Only part of a ReadProcessMemory or WriteProcessMemory request was completed. (0x12B)
[0930/165934.261:ERROR:process_memory_win.cc(73)] ReadMemory at 0x815e3fd5 of 512 bytes failed: Only part of a ReadProcessMemory or WriteProcessMemory request was completed. (0x12B)
[0930/165934.261:ERROR:process_memory_win.cc(73)] ReadMemory at 0x82e7ac55 of 512 bytes failed: Only part of a ReadProcessMemory or WriteProcessMemory request was completed. (0x12B)
[0930/165934.261:ERROR:process_memory_win.cc(73)] ReadMemory at 0x82e7af34 of 555 bytes failed: Only part of a ReadProcessMemory or WriteProcessMemory request was completed. (0x12B)
[0930/165934.284:ERROR:scoped_process_suspend.cc(40)] NtResumeProcess: An attempt was made to access an exiting process. (0xc000010a)
